<?xml version="1.0" encoding="UTF-8"?>
<testng-results ignored="0" total="1" passed="1" failed="0" skipped="0">
  <reporter-output>
  </reporter-output>
  <suite started-at="2020-03-24T23:10:23Z" name="Default suite" finished-at="2020-03-24T23:10:51Z" duration-ms="27780">
    <groups>
    </groups>
    <test started-at="2020-03-24T23:10:23Z" name="Default test" finished-at="2020-03-24T23:10:51Z" duration-ms="27780">
      <class name="com.herokuapp.katalondemocura.AutomatedTests">
        <test-method signature="loginTest()[pri:0, instance:com.herokuapp.katalondemocura.AutomatedTests@58a9760d]" started-at="2020-03-24T23:10:23Z" name="loginTest" finished-at="2020-03-24T23:10:51Z" duration-ms="27732" status="PASS">
          <reporter-output>
          </reporter-output>
        </test-method> <!-- loginTest -->
      </class> <!-- com.herokuapp.katalondemocura.AutomatedTests -->
    </test> <!-- Default test -->
  </suite> <!-- Default suite -->
</testng-results>
